<?xml version="1.0" encoding="utf-8" standalone="no"?>
<test-run id="0" runstate="Runnable" testcasecount="92" result="Passed" total="92" passed="92" failed="0" warnings="0" inconclusive="0" skipped="0" asserts="119" engine-version="3.22.0.0" clr-version="10.0.10" start-time="2026-07-16 11:06:17Z" end-time="2026-07-16 11:06:17Z" duration="0.152663">
  <command-line><![CDATA[C:\Users\mythic\.nuget\packages\nunit.consolerunner.netcore\3.22.0\tools\net8.0\any\nunit3-console.dll DateTimeChecker.Tests\bin\Debug\net10.0\DateTimeChecker.Tests.dll --noresult --labels=After]]></command-line>
  <test-suite type="Assembly" id="1-1100" name="DateTimeChecker.Tests.dll" fullname="C:/Mythic/Works/Uni/Su_26/SWT301/Topics/Unit test/DateTimeChecker/DateTimeChecker.Tests/bin/Debug/net10.0/DateTimeChecker.Tests.dll" runstate="Runnable" testcasecount="92" result="Passed" start-time="2026-07-16T11:06:17.3535492Z" end-time="2026-07-16T11:06:17.3844974Z" duration="0.030907" total="92" passed="92" failed="0" warnings="0" inconclusive="0" skipped="0" asserts="119">
    <environment framework-version="3.14.0.0" clr-version="10.0.10" os-version="Microsoft Windows 10.0.22631" platform="Win32NT" cwd="C:\Mythic\Works\Uni\Su_26\SWT301\Topics\Unit test\DateTimeChecker" machine-name="POOKIE" user="mythic" user-domain="POOKIE" culture="en-US" uiculture="en-US" os-architecture="x64" />
    <settings>
      <setting name="DisposeRunners" value="True" />
      <setting name="WorkDirectory" value="C:\Mythic\Works\Uni\Su_26\SWT301\Topics\Unit test\DateTimeChecker" />
      <setting name="NumberOfTestWorkers" value="16" />
    </settings>
    <properties>
      <property name="_PID" value="30456" />
      <property name="_APPDOMAIN" value="nunit3-console" />
    </properties>
    <test-suite type="TestSuite" id="1-1101" name="DateTimeChecker" fullname="DateTimeChecker" runstate="Runnable" testcasecount="92" result="Passed" start-time="2026-07-16T11:06:17.3569200Z" end-time="2026-07-16T11:06:17.3844929Z" duration="0.027573" total="92" passed="92" failed="0" warnings="0" inconclusive="0" skipped="0" asserts="119">
      <test-suite type="TestSuite" id="1-1102" name="Tests" fullname="DateTimeChecker.Tests" runstate="Runnable" testcasecount="92" result="Passed" start-time="2026-07-16T11:06:17.3571232Z" end-time="2026-07-16T11:06:17.3844909Z" duration="0.027368" total="92" passed="92" failed="0" warnings="0" inconclusive="0" skipped="0" asserts="119">
        <test-suite type="TestFixture" id="1-1000" name="CheckDateTests" fullname="DateTimeChecker.Tests.CheckDateTests" classname="DateTimeChecker.Tests.CheckDateTests" runstate="Runnable" testcasecount="19" result="Passed" start-time="2026-07-16T11:06:17.3578609Z" end-time="2026-07-16T11:06:17.3690759Z" duration="0.011215" total="19" passed="19" failed="0" warnings="0" inconclusive="0" skipped="0" asserts="28">
          <test-case id="1-1013" name="CheckDate_AllEmpty_ReturnsFail" fullname="DateTimeChecker.Tests.CheckDateTests.CheckDate_AllEmpty_ReturnsFail" methodname="CheckDate_AllEmpty_ReturnsFail" classname="DateTimeChecker.Tests.CheckDateTests" runstate="Runnable" seed="2020649754" result="Passed" start-time="2026-07-16T11:06:17.3592201Z" end-time="2026-07-16T11:06:17.3636955Z" duration="0.004539" asserts="1" />
          <test-case id="1-1008" name="CheckDate_April31_ReturnsFail" fullname="DateTimeChecker.Tests.CheckDateTests.CheckDate_April31_ReturnsFail" methodname="CheckDate_April31_ReturnsFail" classname="DateTimeChecker.Tests.CheckDateTests" runstate="Runnable" seed="1391612624" result="Passed" start-time="2026-07-16T11:06:17.3648485Z" end-time="2026-07-16T11:06:17.3667507Z" duration="0.001902" asserts="2" />
          <test-case id="1-1005" name="CheckDate_BoundaryYear_1000_ReturnsSuccess" fullname="DateTimeChecker.Tests.CheckDateTests.CheckDate_BoundaryYear_1000_ReturnsSuccess" methodname="CheckDate_BoundaryYear_1000_ReturnsSuccess" classname="DateTimeChecker.Tests.CheckDateTests" runstate="Runnable" seed="814093662" result="Passed" start-time="2026-07-16T11:06:17.3667638Z" end-time="2026-07-16T11:06:17.3669764Z" duration="0.000213" asserts="1" />
          <test-case id="1-1006" name="CheckDate_BoundaryYear_3000_ReturnsSuccess" fullname="DateTimeChecker.Tests.CheckDateTests.CheckDate_BoundaryYear_3000_ReturnsSuccess" methodname="CheckDate_BoundaryYear_3000_ReturnsSuccess" classname="DateTimeChecker.Tests.CheckDateTests" runstate="Runnable" seed="508473020" result="Passed" start-time="2026-07-16T11:06:17.3669831Z" end-time="2026-07-16T11:06:17.3670609Z" duration="0.000078" asserts="1" />
          <test-case id="1-1014" name="CheckDate_DayOutOfRange_ReturnsFail" fullname="DateTimeChecker.Tests.CheckDateTests.CheckDate_DayOutOfRange_ReturnsFail" methodname="CheckDate_DayOutOfRange_ReturnsFail" classname="DateTimeChecker.Tests.CheckDateTests" runstate="Runnable" seed="1821628320" result="Passed" start-time="2026-07-16T11:06:17.3670669Z" end-time="2026-07-16T11:06:17.3671705Z" duration="0.000104" asserts="2" />
          <test-case id="1-1002" name="CheckDate_Feb29_LeapYear_ReturnsSuccess" fullname="DateTimeChecker.Tests.CheckDateTests.CheckDate_Feb29_LeapYear_ReturnsSuccess" methodname="CheckDate_Feb29_LeapYear_ReturnsSuccess" classname="DateTimeChecker.Tests.CheckDateTests" runstate="Runnable" seed="284472249" result="Passed" start-time="2026-07-16T11:06:17.3671768Z" end-time="2026-07-16T11:06:17.3673026Z" duration="0.000126" asserts="1" />
          <test-case id="1-1007" name="CheckDate_Feb29_NonLeapYear_ReturnsFail" fullname="DateTimeChecker.Tests.CheckDateTests.CheckDate_Feb29_NonLeapYear_ReturnsFail" methodname="CheckDate_Feb29_NonLeapYear_ReturnsFail" classname="DateTimeChecker.Tests.CheckDateTests" runstate="Runnable" seed="1897902136" result="Passed" start-time="2026-07-16T11:06:17.3673093Z" end-time="2026-07-16T11:06:17.3673999Z" duration="0.000091" asserts="2" />
          <test-case id="1-1019" name="CheckDate_Feb29_Year1900_CenturyNonLeap_ReturnsFail" fullname="DateTimeChecker.Tests.CheckDateTests.CheckDate_Feb29_Year1900_CenturyNonLeap_ReturnsFail" methodname="CheckDate_Feb29_Year1900_CenturyNonLeap_ReturnsFail" classname="DateTimeChecker.Tests.CheckDateTests" runstate="Runnable" seed="1421575455" result="Passed" start-time="2026-07-16T11:06:17.3674058Z" end-time="2026-07-16T11:06:17.3674862Z" duration="0.000080" asserts="1" />
          <test-case id="1-1018" name="CheckDate_Feb29_Year2000_CenturyLeap_ReturnsSuccess" fullname="DateTimeChecker.Tests.CheckDateTests.CheckDate_Feb29_Year2000_CenturyLeap_ReturnsSuccess" methodname="CheckDate_Feb29_Year2000_CenturyLeap_ReturnsSuccess" classname="DateTimeChecker.Tests.CheckDateTests" runstate="Runnable" seed="1023957058" result="Passed" start-time="2026-07-16T11:06:17.3674921Z" end-time="2026-07-16T11:06:17.3675619Z" duration="0.000070" asserts="1" />
          <test-case id="1-1004" name="CheckDate_FirstDayOfYear_Jan1_ReturnsSuccess" fullname="DateTimeChecker.Tests.CheckDateTests.CheckDate_FirstDayOfYear_Jan1_ReturnsSuccess" methodname="CheckDate_FirstDayOfYear_Jan1_ReturnsSuccess" classname="DateTimeChecker.Tests.CheckDateTests" runstate="Runnable" seed="1878076159" result="Passed" start-time="2026-07-16T11:06:17.3675675Z" end-time="2026-07-16T11:06:17.3676437Z" duration="0.000076" asserts="1" />
          <test-case id="1-1003" name="CheckDate_LastDayOfYear_Dec31_ReturnsSuccess" fullname="DateTimeChecker.Tests.CheckDateTests.CheckDate_LastDayOfYear_Dec31_ReturnsSuccess" methodname="CheckDate_LastDayOfYear_Dec31_ReturnsSuccess" classname="DateTimeChecker.Tests.CheckDateTests" runstate="Runnable" seed="366204674" result="Passed" start-time="2026-07-16T11:06:17.3676514Z" end-time="2026-07-16T11:06:17.3677302Z" duration="0.000079" asserts="1" />
          <test-case id="1-1015" name="CheckDate_MonthOutOfRange_ReturnsFail" fullname="DateTimeChecker.Tests.CheckDateTests.CheckDate_MonthOutOfRange_ReturnsFail" methodname="CheckDate_MonthOutOfRange_ReturnsFail" classname="DateTimeChecker.Tests.CheckDateTests" runstate="Runnable" seed="1659112071" result="Passed" start-time="2026-07-16T11:06:17.3677363Z" end-time="2026-07-16T11:06:17.3678151Z" duration="0.000079" asserts="2" />
          <test-case id="1-1010" name="CheckDate_NonNumericDay_ReturnsFail" fullname="DateTimeChecker.Tests.CheckDateTests.CheckDate_NonNumericDay_ReturnsFail" methodname="CheckDate_NonNumericDay_ReturnsFail" classname="DateTimeChecker.Tests.CheckDateTests" runstate="Runnable" seed="818841628" result="Passed" start-time="2026-07-16T11:06:17.3678209Z" end-time="2026-07-16T11:06:17.3679006Z" duration="0.000080" asserts="2" />
          <test-case id="1-1011" name="CheckDate_NonNumericMonth_ReturnsFail" fullname="DateTimeChecker.Tests.CheckDateTests.CheckDate_NonNumericMonth_ReturnsFail" methodname="CheckDate_NonNumericMonth_ReturnsFail" classname="DateTimeChecker.Tests.CheckDateTests" runstate="Runnable" seed="1312687661" result="Passed" start-time="2026-07-16T11:06:17.3679062Z" end-time="2026-07-16T11:06:17.3679860Z" duration="0.000080" asserts="2" />
          <test-case id="1-1012" name="CheckDate_NonNumericYear_ReturnsFail" fullname="DateTimeChecker.Tests.CheckDateTests.CheckDate_NonNumericYear_ReturnsFail" methodname="CheckDate_NonNumericYear_ReturnsFail" classname="DateTimeChecker.Tests.CheckDateTests" runstate="Runnable" seed="843926901" result="Passed" start-time="2026-07-16T11:06:17.3679916Z" end-time="2026-07-16T11:06:17.3680748Z" duration="0.000083" asserts="2" />
          <test-case id="1-1009" name="CheckDate_Nov31_ReturnsFail" fullname="DateTimeChecker.Tests.CheckDateTests.CheckDate_Nov31_ReturnsFail" methodname="CheckDate_Nov31_ReturnsFail" classname="DateTimeChecker.Tests.CheckDateTests" runstate="Runnable" seed="1363560609" result="Passed" start-time="2026-07-16T11:06:17.3680801Z" end-time="2026-07-16T11:06:17.3681447Z" duration="0.000065" asserts="1" />
          <test-case id="1-1001" name="CheckDate_ValidDate_ReturnsSuccess" fullname="DateTimeChecker.Tests.CheckDateTests.CheckDate_ValidDate_ReturnsSuccess" methodname="CheckDate_ValidDate_ReturnsSuccess" classname="DateTimeChecker.Tests.CheckDateTests" runstate="Runnable" seed="1755800972" result="Passed" start-time="2026-07-16T11:06:17.3681501Z" end-time="2026-07-16T11:06:17.3682218Z" duration="0.000072" asserts="1" />
          <test-case id="1-1017" name="CheckDate_YearAboveMaximum_ReturnsFail" fullname="DateTimeChecker.Tests.CheckDateTests.CheckDate_YearAboveMaximum_ReturnsFail" methodname="CheckDate_YearAboveMaximum_ReturnsFail" classname="DateTimeChecker.Tests.CheckDateTests" runstate="Runnable" seed="1765932191" result="Passed" start-time="2026-07-16T11:06:17.3682274Z" end-time="2026-07-16T11:06:17.3683689Z" duration="0.000142" asserts="2" />
          <test-case id="1-1016" name="CheckDate_YearBelowMinimum_ReturnsFail" fullname="DateTimeChecker.Tests.CheckDateTests.CheckDate_YearBelowMinimum_ReturnsFail" methodname="CheckDate_YearBelowMinimum_ReturnsFail" classname="DateTimeChecker.Tests.CheckDateTests" runstate="Runnable" seed="258147744" result="Passed" start-time="2026-07-16T11:06:17.3683757Z" end-time="2026-07-16T11:06:17.3684636Z" duration="0.000088" asserts="2" />
        </test-suite>
        <test-suite type="TestFixture" id="1-1020" name="DateValidationTests" fullname="DateTimeChecker.Tests.DateValidationTests" classname="DateTimeChecker.Tests.DateValidationTests" runstate="Runnable" testcasecount="34" result="Passed" start-time="2026-07-16T11:06:17.3698811Z" end-time="2026-07-16T11:06:17.3809409Z" duration="0.011060" total="34" passed="34" failed="0" warnings="0" inconclusive="0" skipped="0" asserts="34">
          <test-suite type="ParameterizedMethod" id="1-1033" name="GetMaxDaysInMonth_30DayMonths_Returns30" fullname="DateTimeChecker.Tests.DateValidationTests.GetMaxDaysInMonth_30DayMonths_Returns30" classname="DateTimeChecker.Tests.DateValidationTests" runstate="Runnable" testcasecount="4" result="Passed" start-time="2026-07-16T11:06:17.3699828Z" end-time="2026-07-16T11:06:17.3756398Z" duration="0.005657" total="4" passed="4" failed="0" warnings="0" inconclusive="0" skipped="0" asserts="4">
            <test-case id="1-1029" name="GetMaxDaysInMonth_30DayMonths_Returns30(2024,4,30)" fullname="DateTimeChecker.Tests.DateValidationTests.GetMaxDaysInMonth_30DayMonths_Returns30(2024,4,30)" methodname="GetMaxDaysInMonth_30DayMonths_Returns30" classname="DateTimeChecker.Tests.DateValidationTests" runstate="Runnable" seed="2124984044" result="Passed" start-time="2026-07-16T11:06:17.3701262Z" end-time="2026-07-16T11:06:17.3750804Z" duration="0.004955" asserts="1" />
            <test-case id="1-1030" name="GetMaxDaysInMonth_30DayMonths_Returns30(2024,6,30)" fullname="DateTimeChecker.Tests.DateValidationTests.GetMaxDaysInMonth_30DayMonths_Returns30(2024,6,30)" methodname="GetMaxDaysInMonth_30DayMonths_Returns30" classname="DateTimeChecker.Tests.DateValidationTests" runstate="Runnable" seed="289224494" result="Passed" start-time="2026-07-16T11:06:17.3751046Z" end-time="2026-07-16T11:06:17.3755731Z" duration="0.000469" asserts="1" />
            <test-case id="1-1031" name="GetMaxDaysInMonth_30DayMonths_Returns30(2024,9,30)" fullname="DateTimeChecker.Tests.DateValidationTests.GetMaxDaysInMonth_30DayMonths_Returns30(2024,9,30)" methodname="GetMaxDaysInMonth_30DayMonths_Returns30" classname="DateTimeChecker.Tests.DateValidationTests" runstate="Runnable" seed="1292151024" result="Passed" start-time="2026-07-16T11:06:17.3755826Z" end-time="2026-07-16T11:06:17.3756015Z" duration="0.000019" asserts="1" />
            <test-case id="1-1032" name="GetMaxDaysInMonth_30DayMonths_Returns30(2024,11,30)" fullname="DateTimeChecker.Tests.DateValidationTests.GetMaxDaysInMonth_30DayMonths_Returns30(2024,11,30)" methodname="GetMaxDaysInMonth_30DayMonths_Returns30" classname="DateTimeChecker.Tests.DateValidationTests" runstate="Runnable" seed="1529762307" result="Passed" start-time="2026-07-16T11:06:17.3756045Z" end-time="2026-07-16T11:06:17.3756101Z" duration="0.000006" asserts="1" />
          </test-suite>
          <test-suite type="ParameterizedMethod" id="1-1028" name="GetMaxDaysInMonth_31DayMonths_Returns31" fullname="DateTimeChecker.Tests.DateValidationTests.GetMaxDaysInMonth_31DayMonths_Returns31" classname="DateTimeChecker.Tests.DateValidationTests" runstate="Runnable" testcasecount="7" result="Passed" start-time="2026-07-16T11:06:17.3756508Z" end-time="2026-07-16T11:06:17.3760110Z" duration="0.000360" total="7" passed="7" failed="0" warnings="0" inconclusive="0" skipped="0" asserts="7">
            <test-case id="1-1021" name="GetMaxDaysInMonth_31DayMonths_Returns31(2024,1,31)" fullname="DateTimeChecker.Tests.DateValidationTests.GetMaxDaysInMonth_31DayMonths_Returns31(2024,1,31)" methodname="GetMaxDaysInMonth_31DayMonths_Returns31" classname="DateTimeChecker.Tests.DateValidationTests" runstate="Runnable" seed="351612067" result="Passed" start-time="2026-07-16T11:06:17.3756624Z" end-time="2026-07-16T11:06:17.3757711Z" duration="0.000109" asserts="1" />
            <test-case id="1-1022" name="GetMaxDaysInMonth_31DayMonths_Returns31(2024,3,31)" fullname="DateTimeChecker.Tests.DateValidationTests.GetMaxDaysInMonth_31DayMonths_Returns31(2024,3,31)" methodname="GetMaxDaysInMonth_31DayMonths_Returns31" classname="DateTimeChecker.Tests.DateValidationTests" runstate="Runnable" seed="480507186" result="Passed" start-time="2026-07-16T11:06:17.3757779Z" end-time="2026-07-16T11:06:17.3759433Z" duration="0.000166" asserts="1" />
            <test-case id="1-1023" name="GetMaxDaysInMonth_31DayMonths_Returns31(2024,5,31)" fullname="DateTimeChecker.Tests.DateValidationTests.GetMaxDaysInMonth_31DayMonths_Returns31(2024,5,31)" methodname="GetMaxDaysInMonth_31DayMonths_Returns31" classname="DateTimeChecker.Tests.DateValidationTests" runstate="Runnable" seed="1260096730" result="Passed" start-time="2026-07-16T11:06:17.3759513Z" end-time="2026-07-16T11:06:17.3759661Z" duration="0.000015" asserts="1" />
            <test-case id="1-1024" name="GetMaxDaysInMonth_31DayMonths_Returns31(2024,7,31)" fullname="DateTimeChecker.Tests.DateValidationTests.GetMaxDaysInMonth_31DayMonths_Returns31(2024,7,31)" methodname="GetMaxDaysInMonth_31DayMonths_Returns31" classname="DateTimeChecker.Tests.DateValidationTests" runstate="Runnable" seed="1384449905" result="Passed" start-time="2026-07-16T11:06:17.3759689Z" end-time="2026-07-16T11:06:17.3759823Z" duration="0.000013" asserts="1" />
            <test-case id="1-1025" name="GetMaxDaysInMonth_31DayMonths_Returns31(2024,8,31)" fullname="DateTimeChecker.Tests.DateValidationTests.GetMaxDaysInMonth_31DayMonths_Returns31(2024,8,31)" methodname="GetMaxDaysInMonth_31DayMonths_Returns31" classname="DateTimeChecker.Tests.DateValidationTests" runstate="Runnable" seed="1106958592" result="Passed" start-time="2026-07-16T11:06:17.3759848Z" end-time="2026-07-16T11:06:17.3759892Z" duration="0.000004" asserts="1" />
            <test-case id="1-1026" name="GetMaxDaysInMonth_31DayMonths_Returns31(2024,10,31)" fullname="DateTimeChecker.Tests.DateValidationTests.GetMaxDaysInMonth_31DayMonths_Returns31(2024,10,31)" methodname="GetMaxDaysInMonth_31DayMonths_Returns31" classname="DateTimeChecker.Tests.DateValidationTests" runstate="Runnable" seed="688915273" result="Passed" start-time="2026-07-16T11:06:17.3759918Z" end-time="2026-07-16T11:06:17.3759965Z" duration="0.000005" asserts="1" />
            <test-case id="1-1027" name="GetMaxDaysInMonth_31DayMonths_Returns31(2024,12,31)" fullname="DateTimeChecker.Tests.DateValidationTests.GetMaxDaysInMonth_31DayMonths_Returns31(2024,12,31)" methodname="GetMaxDaysInMonth_31DayMonths_Returns31" classname="DateTimeChecker.Tests.DateValidationTests" runstate="Runnable" seed="473306776" result="Passed" start-time="2026-07-16T11:06:17.3760032Z" end-time="2026-07-16T11:06:17.3760072Z" duration="0.000004" asserts="1" />
          </test-suite>
          <test-case id="1-1034" name="GetMaxDaysInMonth_February_LeapYear_Returns29" fullname="DateTimeChecker.Tests.DateValidationTests.GetMaxDaysInMonth_February_LeapYear_Returns29" methodname="GetMaxDaysInMonth_February_LeapYear_Returns29" classname="DateTimeChecker.Tests.DateValidationTests" runstate="Runnable" seed="1015832496" result="Passed" start-time="2026-07-16T11:06:17.3760150Z" end-time="2026-07-16T11:06:17.3760937Z" duration="0.000079" asserts="1" />
          <test-case id="1-1035" name="GetMaxDaysInMonth_February_NonLeapYear_Returns28" fullname="DateTimeChecker.Tests.DateValidationTests.GetMaxDaysInMonth_February_NonLeapYear_Returns28" methodname="GetMaxDaysInMonth_February_NonLeapYear_Returns28" classname="DateTimeChecker.Tests.DateValidationTests" runstate="Runnable" seed="826877864" result="Passed" start-time="2026-07-16T11:06:17.3761000Z" end-time="2026-07-16T11:06:17.3761740Z" duration="0.000074" asserts="1" />
          <test-case id="1-1043" name="IsValidDate_Day31_In30DayMonth_ReturnsFalse" fullname="DateTimeChecker.Tests.DateValidationTests.IsValidDate_Day31_In30DayMonth_ReturnsFalse" methodname="IsValidDate_Day31_In30DayMonth_ReturnsFalse" classname="DateTimeChecker.Tests.DateValidationTests" runstate="Runnable" seed="1872802726" result="Passed" start-time="2026-07-16T11:06:17.3761812Z" end-time="2026-07-16T11:06:17.3763143Z" duration="0.000133" asserts="1" />
          <test-case id="1-1045" name="IsValidDate_Day31_InJune_ReturnsFalse" fullname="DateTimeChecker.Tests.DateValidationTests.IsValidDate_Day31_InJune_ReturnsFalse" methodname="IsValidDate_Day31_InJune_ReturnsFalse" classname="DateTimeChecker.Tests.DateValidationTests" runstate="Runnable" seed="236952048" result="Passed" start-time="2026-07-16T11:06:17.3763698Z" end-time="2026-07-16T11:06:17.3764713Z" duration="0.000102" asserts="1" />
          <test-case id="1-1044" name="IsValidDate_Day31_InNovember_ReturnsFalse" fullname="DateTimeChecker.Tests.DateValidationTests.IsValidDate_Day31_InNovember_ReturnsFalse" methodname="IsValidDate_Day31_InNovember_ReturnsFalse" classname="DateTimeChecker.Tests.DateValidationTests" runstate="Runnable" seed="763134272" result="Passed" start-time="2026-07-16T11:06:17.3764781Z" end-time="2026-07-16T11:06:17.3765514Z" duration="0.000073" asserts="1" />
          <test-case id="1-1040" name="IsValidDate_Feb28_NonLeapYear_ReturnsTrue" fullname="DateTimeChecker.Tests.DateValidationTests.IsValidDate_Feb28_NonLeapYear_ReturnsTrue" methodname="IsValidDate_Feb28_NonLeapYear_ReturnsTrue" classname="DateTimeChecker.Tests.DateValidationTests" runstate="Runnable" seed="889941451" result="Passed" start-time="2026-07-16T11:06:17.3765584Z" end-time="2026-07-16T11:06:17.3766649Z" duration="0.000107" asserts="1" />
          <test-case id="1-1039" name="IsValidDate_Feb29_LeapYear_ReturnsTrue" fullname="DateTimeChecker.Tests.DateValidationTests.IsValidDate_Feb29_LeapYear_ReturnsTrue" methodname="IsValidDate_Feb29_LeapYear_ReturnsTrue" classname="DateTimeChecker.Tests.DateValidationTests" runstate="Runnable" seed="1621605430" result="Passed" start-time="2026-07-16T11:06:17.3767012Z" end-time="2026-07-16T11:06:17.3767896Z" duration="0.000089" asserts="1" />
          <test-case id="1-1041" name="IsValidDate_Feb29_NonLeapYear_ReturnsFalse" fullname="DateTimeChecker.Tests.DateValidationTests.IsValidDate_Feb29_NonLeapYear_ReturnsFalse" methodname="IsValidDate_Feb29_NonLeapYear_ReturnsFalse" classname="DateTimeChecker.Tests.DateValidationTests" runstate="Runnable" seed="864380178" result="Passed" start-time="2026-07-16T11:06:17.3767985Z" end-time="2026-07-16T11:06:17.3768657Z" duration="0.000068" asserts="1" />
          <test-case id="1-1047" name="IsValidDate_Feb29_Year1900_DivisibleBy100NotBy400_ReturnsFalse" fullname="DateTimeChecker.Tests.DateValidationTests.IsValidDate_Feb29_Year1900_DivisibleBy100NotBy400_ReturnsFalse" methodname="IsValidDate_Feb29_Year1900_DivisibleBy100NotBy400_ReturnsFalse" classname="DateTimeChecker.Tests.DateValidationTests" runstate="Runnable" seed="1388055050" result="Passed" start-time="2026-07-16T11:06:17.3768720Z" end-time="2026-07-16T11:06:17.3769358Z" duration="0.000064" asserts="1" />
          <test-case id="1-1046" name="IsValidDate_Feb29_Year2000_DivisibleBy400_ReturnsTrue" fullname="DateTimeChecker.Tests.DateValidationTests.IsValidDate_Feb29_Year2000_DivisibleBy400_ReturnsTrue" methodname="IsValidDate_Feb29_Year2000_DivisibleBy400_ReturnsTrue" classname="DateTimeChecker.Tests.DateValidationTests" runstate="Runnable" seed="249593836" result="Passed" start-time="2026-07-16T11:06:17.3769412Z" end-time="2026-07-16T11:06:17.3770186Z" duration="0.000077" asserts="1" />
          <test-case id="1-1048" name="IsValidDate_Feb29_Year2100_DivisibleBy100NotBy400_ReturnsFalse" fullname="DateTimeChecker.Tests.DateValidationTests.IsValidDate_Feb29_Year2100_DivisibleBy100NotBy400_ReturnsFalse" methodname="IsValidDate_Feb29_Year2100_DivisibleBy100NotBy400_ReturnsFalse" classname="DateTimeChecker.Tests.DateValidationTests" runstate="Runnable" seed="1522780979" result="Passed" start-time="2026-07-16T11:06:17.3770262Z" end-time="2026-07-16T11:06:17.3771278Z" duration="0.000102" asserts="1" />
          <test-case id="1-1042" name="IsValidDate_Feb30_AnyYear_ReturnsFalse" fullname="DateTimeChecker.Tests.DateValidationTests.IsValidDate_Feb30_AnyYear_ReturnsFalse" methodname="IsValidDate_Feb30_AnyYear_ReturnsFalse" classname="DateTimeChecker.Tests.DateValidationTests" runstate="Runnable" seed="1420525809" result="Passed" start-time="2026-07-16T11:06:17.3771373Z" end-time="2026-07-16T11:06:17.3772440Z" duration="0.000107" asserts="1" />
          <test-case id="1-1036" name="IsValidDate_FirstDayOfYear_ReturnsTrue" fullname="DateTimeChecker.Tests.DateValidationTests.IsValidDate_FirstDayOfYear_ReturnsTrue" methodname="IsValidDate_FirstDayOfYear_ReturnsTrue" classname="DateTimeChecker.Tests.DateValidationTests" runstate="Runnable" seed="859609012" result="Passed" start-time="2026-07-16T11:06:17.3772612Z" end-time="2026-07-16T11:06:17.3773446Z" duration="0.000084" asserts="1" />
          <test-case id="1-1038" name="IsValidDate_LastDayOf30DayMonth_ReturnsTrue" fullname="DateTimeChecker.Tests.DateValidationTests.IsValidDate_LastDayOf30DayMonth_ReturnsTrue" methodname="IsValidDate_LastDayOf30DayMonth_ReturnsTrue" classname="DateTimeChecker.Tests.DateValidationTests" runstate="Runnable" seed="1513521148" result="Passed" start-time="2026-07-16T11:06:17.3773520Z" end-time="2026-07-16T11:06:17.3774248Z" duration="0.000073" asserts="1" />
          <test-case id="1-1037" name="IsValidDate_LastDayOf31DayMonth_ReturnsTrue" fullname="DateTimeChecker.Tests.DateValidationTests.IsValidDate_LastDayOf31DayMonth_ReturnsTrue" methodname="IsValidDate_LastDayOf31DayMonth_ReturnsTrue" classname="DateTimeChecker.Tests.DateValidationTests" runstate="Runnable" seed="1395326487" result="Passed" start-time="2026-07-16T11:06:17.3774320Z" end-time="2026-07-16T11:06:17.3775102Z" duration="0.000079" asserts="1" />
          <test-suite type="ParameterizedMethod" id="1-1057" name="IsValidDate_TestCase" fullname="DateTimeChecker.Tests.DateValidationTests.IsValidDate_TestCase" classname="DateTimeChecker.Tests.DateValidationTests" runstate="Runnable" testcasecount="8" result="Passed" start-time="2026-07-16T11:06:17.3775193Z" end-time="2026-07-16T11:06:17.3809202Z" duration="0.003401" total="8" passed="8" failed="0" warnings="0" inconclusive="0" skipped="0" asserts="8">
            <test-case id="1-1049" name="IsValidDate_TestCase(2024,1,1,True)" fullname="DateTimeChecker.Tests.DateValidationTests.IsValidDate_TestCase(2024,1,1,True)" methodname="IsValidDate_TestCase" classname="DateTimeChecker.Tests.DateValidationTests" runstate="Runnable" seed="1522577968" result="Passed" start-time="2026-07-16T11:06:17.3775404Z" end-time="2026-07-16T11:06:17.3802616Z" duration="0.002721" asserts="1" />
            <test-case id="1-1050" name="IsValidDate_TestCase(2024,12,31,True)" fullname="DateTimeChecker.Tests.DateValidationTests.IsValidDate_TestCase(2024,12,31,True)" methodname="IsValidDate_TestCase" classname="DateTimeChecker.Tests.DateValidationTests" runstate="Runnable" seed="740178813" result="Passed" start-time="2026-07-16T11:06:17.3802744Z" end-time="2026-07-16T11:06:17.3808045Z" duration="0.000530" asserts="1" />
            <test-case id="1-1051" name="IsValidDate_TestCase(2024,2,29,True)" fullname="DateTimeChecker.Tests.DateValidationTests.IsValidDate_TestCase(2024,2,29,True)" methodname="IsValidDate_TestCase" classname="DateTimeChecker.Tests.DateValidationTests" runstate="Runnable" seed="1430524303" result="Passed" start-time="2026-07-16T11:06:17.3808158Z" end-time="2026-07-16T11:06:17.3808505Z" duration="0.000035" asserts="1" />
            <test-case id="1-1052" name="IsValidDate_TestCase(2023,2,29,False)" fullname="DateTimeChecker.Tests.DateValidationTests.IsValidDate_TestCase(2023,2,29,False)" methodname="IsValidDate_TestCase" classname="DateTimeChecker.Tests.DateValidationTests" runstate="Runnable" seed="2054049155" result="Passed" start-time="2026-07-16T11:06:17.3808539Z" end-time="2026-07-16T11:06:17.3808624Z" duration="0.000009" asserts="1" />
            <test-case id="1-1053" name="IsValidDate_TestCase(2024,4,31,False)" fullname="DateTimeChecker.Tests.DateValidationTests.IsValidDate_TestCase(2024,4,31,False)" methodname="IsValidDate_TestCase" classname="DateTimeChecker.Tests.DateValidationTests" runstate="Runnable" seed="770063757" result="Passed" start-time="2026-07-16T11:06:17.3808669Z" end-time="2026-07-16T11:06:17.3808741Z" duration="0.000007" asserts="1" />
            <test-case id="1-1054" name="IsValidDate_TestCase(2024,6,31,False)" fullname="DateTimeChecker.Tests.DateValidationTests.IsValidDate_TestCase(2024,6,31,False)" methodname="IsValidDate_TestCase" classname="DateTimeChecker.Tests.DateValidationTests" runstate="Runnable" seed="411296892" result="Passed" start-time="2026-07-16T11:06:17.3808822Z" end-time="2026-07-16T11:06:17.3808896Z" duration="0.000007" asserts="1" />
            <test-case id="1-1055" name="IsValidDate_TestCase(1900,2,29,False)" fullname="DateTimeChecker.Tests.DateValidationTests.IsValidDate_TestCase(1900,2,29,False)" methodname="IsValidDate_TestCase" classname="DateTimeChecker.Tests.DateValidationTests" runstate="Runnable" seed="1836253441" result="Passed" start-time="2026-07-16T11:06:17.3808926Z" end-time="2026-07-16T11:06:17.3808990Z" duration="0.000006" asserts="1" />
            <test-case id="1-1056" name="IsValidDate_TestCase(2000,2,29,True)" fullname="DateTimeChecker.Tests.DateValidationTests.IsValidDate_TestCase(2000,2,29,True)" methodname="IsValidDate_TestCase" classname="DateTimeChecker.Tests.DateValidationTests" runstate="Runnable" seed="1161931516" result="Passed" start-time="2026-07-16T11:06:17.3809021Z" end-time="2026-07-16T11:06:17.3809123Z" duration="0.000010" asserts="1" />
          </test-suite>
        </test-suite>
        <test-suite type="TestFixture" id="1-1058" name="FieldValidatorTests" fullname="DateTimeChecker.Tests.FieldValidatorTests" classname="DateTimeChecker.Tests.FieldValidatorTests" runstate="Runnable" testcasecount="21" result="Passed" start-time="2026-07-16T11:06:17.3809642Z" end-time="2026-07-16T11:06:17.3833876Z" duration="0.002423" total="21" passed="21" failed="0" warnings="0" inconclusive="0" skipped="0" asserts="39">
          <test-case id="1-1063" name="ValidateDay_32_ReturnsFail" fullname="DateTimeChecker.Tests.FieldValidatorTests.ValidateDay_32_ReturnsFail" methodname="ValidateDay_32_ReturnsFail" classname="DateTimeChecker.Tests.FieldValidatorTests" runstate="Runnable" seed="1237142034" result="Passed" start-time="2026-07-16T11:06:17.3810578Z" end-time="2026-07-16T11:06:17.3812405Z" duration="0.000183" asserts="2" />
          <test-case id="1-1061" name="ValidateDay_BoundaryHigh_Day31_ReturnsSuccess" fullname="DateTimeChecker.Tests.FieldValidatorTests.ValidateDay_BoundaryHigh_Day31_ReturnsSuccess" methodname="ValidateDay_BoundaryHigh_Day31_ReturnsSuccess" classname="DateTimeChecker.Tests.FieldValidatorTests" runstate="Runnable" seed="1120446899" result="Passed" start-time="2026-07-16T11:06:17.3812534Z" end-time="2026-07-16T11:06:17.3814517Z" duration="0.000198" asserts="2" />
          <test-case id="1-1060" name="ValidateDay_BoundaryLow_Day1_ReturnsSuccess" fullname="DateTimeChecker.Tests.FieldValidatorTests.ValidateDay_BoundaryLow_Day1_ReturnsSuccess" methodname="ValidateDay_BoundaryLow_Day1_ReturnsSuccess" classname="DateTimeChecker.Tests.FieldValidatorTests" runstate="Runnable" seed="1502265977" result="Passed" start-time="2026-07-16T11:06:17.3814591Z" end-time="2026-07-16T11:06:17.3815653Z" duration="0.000106" asserts="2" />
          <test-case id="1-1065" name="ValidateDay_Empty_ReturnsFail" fullname="DateTimeChecker.Tests.FieldValidatorTests.ValidateDay_Empty_ReturnsFail" methodname="ValidateDay_Empty_ReturnsFail" classname="DateTimeChecker.Tests.FieldValidatorTests" runstate="Runnable" seed="1506795643" result="Passed" start-time="2026-07-16T11:06:17.3815719Z" end-time="2026-07-16T11:06:17.3816602Z" duration="0.000089" asserts="1" />
          <test-case id="1-1067" name="ValidateDay_Negative_ReturnsFail" fullname="DateTimeChecker.Tests.FieldValidatorTests.ValidateDay_Negative_ReturnsFail" methodname="ValidateDay_Negative_ReturnsFail" classname="DateTimeChecker.Tests.FieldValidatorTests" runstate="Runnable" seed="1928128685" result="Passed" start-time="2026-07-16T11:06:17.3816673Z" end-time="2026-07-16T11:06:17.3817633Z" duration="0.000096" asserts="1" />
          <test-case id="1-1064" name="ValidateDay_NonNumeric_ReturnsFail" fullname="DateTimeChecker.Tests.FieldValidatorTests.ValidateDay_NonNumeric_ReturnsFail" methodname="ValidateDay_NonNumeric_ReturnsFail" classname="DateTimeChecker.Tests.FieldValidatorTests" runstate="Runnable" seed="210763554" result="Passed" start-time="2026-07-16T11:06:17.3817708Z" end-time="2026-07-16T11:06:17.3818675Z" duration="0.000097" asserts="2" />
          <test-case id="1-1059" name="ValidateDay_ValidInput_ReturnsSuccess" fullname="DateTimeChecker.Tests.FieldValidatorTests.ValidateDay_ValidInput_ReturnsSuccess" methodname="ValidateDay_ValidInput_ReturnsSuccess" classname="DateTimeChecker.Tests.FieldValidatorTests" runstate="Runnable" seed="838460002" result="Passed" start-time="2026-07-16T11:06:17.3818792Z" end-time="2026-07-16T11:06:17.3819654Z" duration="0.000086" asserts="2" />
          <test-case id="1-1066" name="ValidateDay_Whitespace_ReturnsFail" fullname="DateTimeChecker.Tests.FieldValidatorTests.ValidateDay_Whitespace_ReturnsFail" methodname="ValidateDay_Whitespace_ReturnsFail" classname="DateTimeChecker.Tests.FieldValidatorTests" runstate="Runnable" seed="102310769" result="Passed" start-time="2026-07-16T11:06:17.3819717Z" end-time="2026-07-16T11:06:17.3820406Z" duration="0.000069" asserts="1" />
          <test-case id="1-1062" name="ValidateDay_Zero_ReturnsFail" fullname="DateTimeChecker.Tests.FieldValidatorTests.ValidateDay_Zero_ReturnsFail" methodname="ValidateDay_Zero_ReturnsFail" classname="DateTimeChecker.Tests.FieldValidatorTests" runstate="Runnable" seed="307964364" result="Passed" start-time="2026-07-16T11:06:17.3820468Z" end-time="2026-07-16T11:06:17.3822046Z" duration="0.000158" asserts="2" />
          <test-case id="1-1072" name="ValidateMonth_13_ReturnsFail" fullname="DateTimeChecker.Tests.FieldValidatorTests.ValidateMonth_13_ReturnsFail" methodname="ValidateMonth_13_ReturnsFail" classname="DateTimeChecker.Tests.FieldValidatorTests" runstate="Runnable" seed="1100593026" result="Passed" start-time="2026-07-16T11:06:17.3822120Z" end-time="2026-07-16T11:06:17.3823093Z" duration="0.000097" asserts="2" />
          <test-case id="1-1070" name="ValidateMonth_BoundaryHigh_Month12_ReturnsSuccess" fullname="DateTimeChecker.Tests.FieldValidatorTests.ValidateMonth_BoundaryHigh_Month12_ReturnsSuccess" methodname="ValidateMonth_BoundaryHigh_Month12_ReturnsSuccess" classname="DateTimeChecker.Tests.FieldValidatorTests" runstate="Runnable" seed="1854151660" result="Passed" start-time="2026-07-16T11:06:17.3823155Z" end-time="2026-07-16T11:06:17.3824018Z" duration="0.000086" asserts="2" />
          <test-case id="1-1069" name="ValidateMonth_BoundaryLow_Month1_ReturnsSuccess" fullname="DateTimeChecker.Tests.FieldValidatorTests.ValidateMonth_BoundaryLow_Month1_ReturnsSuccess" methodname="ValidateMonth_BoundaryLow_Month1_ReturnsSuccess" classname="DateTimeChecker.Tests.FieldValidatorTests" runstate="Runnable" seed="329554380" result="Passed" start-time="2026-07-16T11:06:17.3824077Z" end-time="2026-07-16T11:06:17.3824943Z" duration="0.000087" asserts="2" />
          <test-case id="1-1073" name="ValidateMonth_NonNumeric_ReturnsFail" fullname="DateTimeChecker.Tests.FieldValidatorTests.ValidateMonth_NonNumeric_ReturnsFail" methodname="ValidateMonth_NonNumeric_ReturnsFail" classname="DateTimeChecker.Tests.FieldValidatorTests" runstate="Runnable" seed="1497104436" result="Passed" start-time="2026-07-16T11:06:17.3825006Z" end-time="2026-07-16T11:06:17.3825979Z" duration="0.000097" asserts="2" />
          <test-case id="1-1068" name="ValidateMonth_ValidInput_ReturnsSuccess" fullname="DateTimeChecker.Tests.FieldValidatorTests.ValidateMonth_ValidInput_ReturnsSuccess" methodname="ValidateMonth_ValidInput_ReturnsSuccess" classname="DateTimeChecker.Tests.FieldValidatorTests" runstate="Runnable" seed="1411222603" result="Passed" start-time="2026-07-16T11:06:17.3826093Z" end-time="2026-07-16T11:06:17.3826920Z" duration="0.000083" asserts="2" />
          <test-case id="1-1071" name="ValidateMonth_Zero_ReturnsFail" fullname="DateTimeChecker.Tests.FieldValidatorTests.ValidateMonth_Zero_ReturnsFail" methodname="ValidateMonth_Zero_ReturnsFail" classname="DateTimeChecker.Tests.FieldValidatorTests" runstate="Runnable" seed="1713526181" result="Passed" start-time="2026-07-16T11:06:17.3826979Z" end-time="2026-07-16T11:06:17.3827925Z" duration="0.000095" asserts="2" />
          <test-case id="1-1078" name="ValidateYear_3001_AboveMaximum_ReturnsFail" fullname="DateTimeChecker.Tests.FieldValidatorTests.ValidateYear_3001_AboveMaximum_ReturnsFail" methodname="ValidateYear_3001_AboveMaximum_ReturnsFail" classname="DateTimeChecker.Tests.FieldValidatorTests" runstate="Runnable" seed="2108079959" result="Passed" start-time="2026-07-16T11:06:17.3827989Z" end-time="2026-07-16T11:06:17.3828987Z" duration="0.000100" asserts="2" />
          <test-case id="1-1077" name="ValidateYear_999_BelowMinimum_ReturnsFail" fullname="DateTimeChecker.Tests.FieldValidatorTests.ValidateYear_999_BelowMinimum_ReturnsFail" methodname="ValidateYear_999_BelowMinimum_ReturnsFail" classname="DateTimeChecker.Tests.FieldValidatorTests" runstate="Runnable" seed="1099542211" result="Passed" start-time="2026-07-16T11:06:17.3829049Z" end-time="2026-07-16T11:06:17.3829840Z" duration="0.000079" asserts="2" />
          <test-case id="1-1076" name="ValidateYear_BoundaryHigh_3000_ReturnsSuccess" fullname="DateTimeChecker.Tests.FieldValidatorTests.ValidateYear_BoundaryHigh_3000_ReturnsSuccess" methodname="ValidateYear_BoundaryHigh_3000_ReturnsSuccess" classname="DateTimeChecker.Tests.FieldValidatorTests" runstate="Runnable" seed="1744602032" result="Passed" start-time="2026-07-16T11:06:17.3829899Z" end-time="2026-07-16T11:06:17.3830727Z" duration="0.000083" asserts="2" />
          <test-case id="1-1075" name="ValidateYear_BoundaryLow_1000_ReturnsSuccess" fullname="DateTimeChecker.Tests.FieldValidatorTests.ValidateYear_BoundaryLow_1000_ReturnsSuccess" methodname="ValidateYear_BoundaryLow_1000_ReturnsSuccess" classname="DateTimeChecker.Tests.FieldValidatorTests" runstate="Runnable" seed="1603755766" result="Passed" start-time="2026-07-16T11:06:17.3830784Z" end-time="2026-07-16T11:06:17.3831595Z" duration="0.000081" asserts="2" />
          <test-case id="1-1079" name="ValidateYear_NonNumeric_ReturnsFail" fullname="DateTimeChecker.Tests.FieldValidatorTests.ValidateYear_NonNumeric_ReturnsFail" methodname="ValidateYear_NonNumeric_ReturnsFail" classname="DateTimeChecker.Tests.FieldValidatorTests" runstate="Runnable" seed="632441289" result="Passed" start-time="2026-07-16T11:06:17.3831650Z" end-time="2026-07-16T11:06:17.3832593Z" duration="0.000095" asserts="2" />
          <test-case id="1-1074" name="ValidateYear_ValidInput_ReturnsSuccess" fullname="DateTimeChecker.Tests.FieldValidatorTests.ValidateYear_ValidInput_ReturnsSuccess" methodname="ValidateYear_ValidInput_ReturnsSuccess" classname="DateTimeChecker.Tests.FieldValidatorTests" runstate="Runnable" seed="1530645470" result="Passed" start-time="2026-07-16T11:06:17.3832669Z" end-time="2026-07-16T11:06:17.3833747Z" duration="0.000108" asserts="2" />
        </test-suite>
        <test-suite type="TestFixture" id="1-1080" name="LeapYearTests" fullname="DateTimeChecker.Tests.LeapYearTests" classname="DateTimeChecker.Tests.LeapYearTests" runstate="Runnable" testcasecount="18" result="Passed" start-time="2026-07-16T11:06:17.3834036Z" end-time="2026-07-16T11:06:17.3844883Z" duration="0.001085" total="18" passed="18" failed="0" warnings="0" inconclusive="0" skipped="0" asserts="18">
          <test-case id="1-1088" name="IsLeapYear_2019_NotDivisibleBy4_ReturnsFalse" fullname="DateTimeChecker.Tests.LeapYearTests.IsLeapYear_2019_NotDivisibleBy4_ReturnsFalse" methodname="IsLeapYear_2019_NotDivisibleBy4_ReturnsFalse" classname="DateTimeChecker.Tests.LeapYearTests" runstate="Runnable" seed="144547894" result="Passed" start-time="2026-07-16T11:06:17.3834627Z" end-time="2026-07-16T11:06:17.3835690Z" duration="0.000107" asserts="1" />
          <test-case id="1-1086" name="IsLeapYear_2028_DivisibleBy4NotBy100_ReturnsTrue" fullname="DateTimeChecker.Tests.LeapYearTests.IsLeapYear_2028_DivisibleBy4NotBy100_ReturnsTrue" methodname="IsLeapYear_2028_DivisibleBy4NotBy100_ReturnsTrue" classname="DateTimeChecker.Tests.LeapYearTests" runstate="Runnable" seed="1957078761" result="Passed" start-time="2026-07-16T11:06:17.3835759Z" end-time="2026-07-16T11:06:17.3836993Z" duration="0.000124" asserts="1" />
          <test-case id="1-1084" name="IsLeapYear_2100_DivisibleBy100NotBy400_ReturnsFalse" fullname="DateTimeChecker.Tests.LeapYearTests.IsLeapYear_2100_DivisibleBy100NotBy400_ReturnsFalse" methodname="IsLeapYear_2100_DivisibleBy100NotBy400_ReturnsFalse" classname="DateTimeChecker.Tests.LeapYearTests" runstate="Runnable" seed="1965798163" result="Passed" start-time="2026-07-16T11:06:17.3837060Z" end-time="2026-07-16T11:06:17.3837652Z" duration="0.000059" asserts="1" />
          <test-case id="1-1082" name="IsLeapYear_2400_DivisibleBy400_ReturnsTrue" fullname="DateTimeChecker.Tests.LeapYearTests.IsLeapYear_2400_DivisibleBy400_ReturnsTrue" methodname="IsLeapYear_2400_DivisibleBy400_ReturnsTrue" classname="DateTimeChecker.Tests.LeapYearTests" runstate="Runnable" seed="942585920" result="Passed" start-time="2026-07-16T11:06:17.3837703Z" end-time="2026-07-16T11:06:17.3838312Z" duration="0.000061" asserts="1" />
          <test-case id="1-1083" name="IsLeapYear_DivisibleBy100NotBy400_ReturnsFalse" fullname="DateTimeChecker.Tests.LeapYearTests.IsLeapYear_DivisibleBy100NotBy400_ReturnsFalse" methodname="IsLeapYear_DivisibleBy100NotBy400_ReturnsFalse" classname="DateTimeChecker.Tests.LeapYearTests" runstate="Runnable" seed="56832919" result="Passed" start-time="2026-07-16T11:06:17.3838374Z" end-time="2026-07-16T11:06:17.3839107Z" duration="0.000073" asserts="1" />
          <test-case id="1-1081" name="IsLeapYear_DivisibleBy400_ReturnsTrue" fullname="DateTimeChecker.Tests.LeapYearTests.IsLeapYear_DivisibleBy400_ReturnsTrue" methodname="IsLeapYear_DivisibleBy400_ReturnsTrue" classname="DateTimeChecker.Tests.LeapYearTests" runstate="Runnable" seed="1538005530" result="Passed" start-time="2026-07-16T11:06:17.3839168Z" end-time="2026-07-16T11:06:17.3839776Z" duration="0.000061" asserts="1" />
          <test-case id="1-1085" name="IsLeapYear_DivisibleBy4NotBy100_ReturnsTrue" fullname="DateTimeChecker.Tests.LeapYearTests.IsLeapYear_DivisibleBy4NotBy100_ReturnsTrue" methodname="IsLeapYear_DivisibleBy4NotBy100_ReturnsTrue" classname="DateTimeChecker.Tests.LeapYearTests" runstate="Runnable" seed="164801879" result="Passed" start-time="2026-07-16T11:06:17.3839847Z" end-time="2026-07-16T11:06:17.3840571Z" duration="0.000072" asserts="1" />
          <test-case id="1-1087" name="IsLeapYear_NotDivisibleBy4_ReturnsFalse" fullname="DateTimeChecker.Tests.LeapYearTests.IsLeapYear_NotDivisibleBy4_ReturnsFalse" methodname="IsLeapYear_NotDivisibleBy4_ReturnsFalse" classname="DateTimeChecker.Tests.LeapYearTests" runstate="Runnable" seed="1367062383" result="Passed" start-time="2026-07-16T11:06:17.3840652Z" end-time="2026-07-16T11:06:17.3841309Z" duration="0.000066" asserts="1" />
          <test-suite type="ParameterizedMethod" id="1-1099" name="IsLeapYear_TestCase" fullname="DateTimeChecker.Tests.LeapYearTests.IsLeapYear_TestCase" classname="DateTimeChecker.Tests.LeapYearTests" runstate="Runnable" testcasecount="10" result="Passed" start-time="2026-07-16T11:06:17.3841367Z" end-time="2026-07-16T11:06:17.3844825Z" duration="0.000346" total="10" passed="10" failed="0" warnings="0" inconclusive="0" skipped="0" asserts="10">
            <test-case id="1-1089" name="IsLeapYear_TestCase(1600,True)" fullname="DateTimeChecker.Tests.LeapYearTests.IsLeapYear_TestCase(1600,True)" methodname="IsLeapYear_TestCase" classname="DateTimeChecker.Tests.LeapYearTests" runstate="Runnable" seed="1370543168" result="Passed" start-time="2026-07-16T11:06:17.3841499Z" end-time="2026-07-16T11:06:17.3842277Z" duration="0.000078" asserts="1" />
            <test-case id="1-1090" name="IsLeapYear_TestCase(2000,True)" fullname="DateTimeChecker.Tests.LeapYearTests.IsLeapYear_TestCase(2000,True)" methodname="IsLeapYear_TestCase" classname="DateTimeChecker.Tests.LeapYearTests" runstate="Runnable" seed="166721348" result="Passed" start-time="2026-07-16T11:06:17.3842335Z" end-time="2026-07-16T11:06:17.3843908Z" duration="0.000157" asserts="1" />
            <test-case id="1-1091" name="IsLeapYear_TestCase(2400,True)" fullname="DateTimeChecker.Tests.LeapYearTests.IsLeapYear_TestCase(2400,True)" methodname="IsLeapYear_TestCase" classname="DateTimeChecker.Tests.LeapYearTests" runstate="Runnable" seed="221938359" result="Passed" start-time="2026-07-16T11:06:17.3843977Z" end-time="2026-07-16T11:06:17.3844136Z" duration="0.000016" asserts="1" />
            <test-case id="1-1092" name="IsLeapYear_TestCase(1700,False)" fullname="DateTimeChecker.Tests.LeapYearTests.IsLeapYear_TestCase(1700,False)" methodname="IsLeapYear_TestCase" classname="DateTimeChecker.Tests.LeapYearTests" runstate="Runnable" seed="1348389804" result="Passed" start-time="2026-07-16T11:06:17.3844165Z" end-time="2026-07-16T11:06:17.3844248Z" duration="0.000008" asserts="1" />
            <test-case id="1-1093" name="IsLeapYear_TestCase(1800,False)" fullname="DateTimeChecker.Tests.LeapYearTests.IsLeapYear_TestCase(1800,False)" methodname="IsLeapYear_TestCase" classname="DateTimeChecker.Tests.LeapYearTests" runstate="Runnable" seed="1165041768" result="Passed" start-time="2026-07-16T11:06:17.3844327Z" end-time="2026-07-16T11:06:17.3844385Z" duration="0.000006" asserts="1" />
            <test-case id="1-1094" name="IsLeapYear_TestCase(1900,False)" fullname="DateTimeChecker.Tests.LeapYearTests.IsLeapYear_TestCase(1900,False)" methodname="IsLeapYear_TestCase" classname="DateTimeChecker.Tests.LeapYearTests" runstate="Runnable" seed="732786113" result="Passed" start-time="2026-07-16T11:06:17.3844404Z" end-time="2026-07-16T11:06:17.3844451Z" duration="0.000005" asserts="1" />
            <test-case id="1-1095" name="IsLeapYear_TestCase(2100,False)" fullname="DateTimeChecker.Tests.LeapYearTests.IsLeapYear_TestCase(2100,False)" methodname="IsLeapYear_TestCase" classname="DateTimeChecker.Tests.LeapYearTests" runstate="Runnable" seed="1476833979" result="Passed" start-time="2026-07-16T11:06:17.3844470Z" end-time="2026-07-16T11:06:17.3844556Z" duration="0.000009" asserts="1" />
            <test-case id="1-1096" name="IsLeapYear_TestCase(2024,True)" fullname="DateTimeChecker.Tests.LeapYearTests.IsLeapYear_TestCase(2024,True)" methodname="IsLeapYear_TestCase" classname="DateTimeChecker.Tests.LeapYearTests" runstate="Runnable" seed="2027747283" result="Passed" start-time="2026-07-16T11:06:17.3844575Z" end-time="2026-07-16T11:06:17.3844616Z" duration="0.000004" asserts="1" />
            <test-case id="1-1097" name="IsLeapYear_TestCase(2028,True)" fullname="DateTimeChecker.Tests.LeapYearTests.IsLeapYear_TestCase(2028,True)" methodname="IsLeapYear_TestCase" classname="DateTimeChecker.Tests.LeapYearTests" runstate="Runnable" seed="2117979401" result="Passed" start-time="2026-07-16T11:06:17.3844636Z" end-time="2026-07-16T11:06:17.3844719Z" duration="0.000008" asserts="1" />
            <test-case id="1-1098" name="IsLeapYear_TestCase(2023,False)" fullname="DateTimeChecker.Tests.LeapYearTests.IsLeapYear_TestCase(2023,False)" methodname="IsLeapYear_TestCase" classname="DateTimeChecker.Tests.LeapYearTests" runstate="Runnable" seed="955721092" result="Passed" start-time="2026-07-16T11:06:17.3844738Z" end-time="2026-07-16T11:06:17.3844783Z" duration="0.000005" asserts="1" />
          </test-suite>
        </test-suite>
      </test-suite>
    </test-suite>
  </test-suite>
</test-run>